[LOG] System::create                           : Header version = 2.00.05. Current version = 2.00.05.
[LOG] Manager::init                            : maxchannels = 256 studioflags = 00000006 flags 00000000 extradriverdata 0000000000000000.
[LOG] SystemI::init                            : Initialize version=20005 (105402), maxchannels=256, flags=0x00020000
[LOG] SystemI::setOutputInternal               : Setting output to 'FMOD WASAPI Output'
[LOG] OutputWASAPI::init                       : Mix Format (WAVEFORMATEX): wFormatTag=0xFFFE, nChannels=8, nSamplesPerSec=48000, nAvgBytesPerSec=1536000, nBlockAlign=32, wBitsPerSample=32, cbSize=22.
[LOG] OutputWASAPI::init                       : Mix Format (WAVEFORMATEXTENSIBLE): wValidBitsPerSample=32, dwChannelMask=0x0000063F, SubFormat=00000003-0000-0010-8000-00AA00389B71.
[LOG] OutputWASAPI::init                       : Output buffer size: 4096 samples, latency: 0.00ms, period: 10.00ms, DSP buffer: 1024 * 4
[LOG] DownMix::init                            : dspbuffersize: 1024  rate: 48000. output speaker mode: 7, input speaker mode 3
[LOG] DownMix::init                            : done.
[LOG] Thread::initThread                       : Init FMOD stream thread. Priority: 2, Stack Size: 98304, Semaphore: No, Sleep Time: 10, Looping: Yes.
[LOG] Thread::initThread                       : Init FMOD mixer thread. Priority: 3, Stack Size: 81920, Semaphore: No, Sleep Time: 0, Looping: Yes.
[LOG] AsyncManager::init                       : manager 0000000050AF0D38 isAsync 0 updatePeriod 0.02
[LOG] AsyncManager::init                       : done
[LOG] PlaybackSystem::init                     : 
[LOG] Thread::initThread                       : Init FMOD Studio sample load thread. Priority: 0, Stack Size: 98304, Semaphore: No, Sleep Time: 1, Looping: No.
[LOG] PlaybackSystem::init                     : done
[LOG] Thread::initThread                       : Init FMOD Studio bank load thread. Priority: 0, Stack Size: 98304, Semaphore: No, Sleep Time: 1, Looping: No.
[LOG] Manager::init                            : done.
[LOG] Manager::readBank                        : fileversion = 123, compatVersion = 119 (oldest = 44, newest = 123)
[LOG] Manager::readBank                        : fileversion = 123, compatVersion = 119 (oldest = 44, newest = 123)
[LOG] Manager::readBank                        : fileversion = 123, compatVersion = 119 (oldest = 44, newest = 123)
[LOG] Manager::readBank                        : fileversion = 123, compatVersion = 119 (oldest = 44, newest = 123)
[LOG] PlaybackSystem::acquireMasterBus         : Setting master channel group format to 3
[LOG] SystemI::createSoundInternal             : Create name='', mode=0x02000202
[LOG] SystemI::createSoundInternal             : exinfo->cbsize             = 224
[LOG] SystemI::createSoundInternal             : exinfo->length             = 576352
[LOG] SystemI::createSoundInternal             : exinfo->fileoffset         = 14240
[LOG] SystemI::createSoundInternal             : exinfo->numsubsounds       = 1
[LOG] SystemI::createSoundInternal             : exinfo->inclusionlist      = 0000000064E5F5FC
[LOG] SystemI::createSoundInternal             : exinfo->inclusionlistnum   = 1
[LOG] SystemI::createSoundInternal             : exinfo->suggestedsoundtype = 5
[LOG] SystemI::createSoundInternal             : exinfo->useropen           = 00007FF80AA57F20
[LOG] SystemI::createSoundInternal             : exinfo->userclose          = 00007FF80AA57EF0
[LOG] SystemI::createSoundInternal             : exinfo->userread           = 00007FF80AA57FF0
[LOG] SystemI::createSoundInternal             : exinfo->userseek           = 00007FF80AA580B0
[LOG] SystemI::createSoundInternal             : exinfo->fileuserdata       = 000000007F0358A8
[LOG] SystemI::createSoundInternal             : exinfo->initialseekpostype = 1
[LOG] SystemI::DSPCodecPoolRegister            : register codec pool for pool type 5
[LOG] SystemI::createSoundInternal             : Sample 0/1: name='NewJumpTest1', format=2, channels=2, frequency=48000, lengthbytes=11136, lengthpcm=47647, pcmblocksize=0, loopstart=0, loopend=0, mode=0x00000000, channelmask=0x00000000, channelorder=0, peakvolume=0.870483.
[LOG] SystemI::createSoundInternal             : Create name='', mode=0x02000202
[LOG] SystemI::createSoundInternal             : exinfo->cbsize             = 224
[LOG] SystemI::createSoundInternal             : exinfo->length             = 576352
[LOG] SystemI::createSoundInternal             : exinfo->fileoffset         = 14240
[LOG] SystemI::createSoundInternal             : exinfo->numsubsounds       = 1
[LOG] SystemI::createSoundInternal             : exinfo->inclusionlist      = 0000000064E5F5FC
[LOG] SystemI::createSoundInternal             : exinfo->inclusionlistnum   = 1
[LOG] SystemI::createSoundInternal             : exinfo->suggestedsoundtype = 5
[LOG] SystemI::createSoundInternal             : exinfo->useropen           = 00007FF80AA57F20
[LOG] SystemI::createSoundInternal             : exinfo->userclose          = 00007FF80AA57EF0
[LOG] SystemI::createSoundInternal             : exinfo->userread           = 00007FF80AA57FF0
[LOG] SystemI::createSoundInternal             : exinfo->userseek           = 00007FF80AA580B0
[LOG] SystemI::createSoundInternal             : exinfo->fileuserdata       = 000000007F0337A8
[LOG] SystemI::createSoundInternal             : exinfo->initialseekpostype = 1
[LOG] SystemI::DSPCodecPoolRegister            : register codec pool for pool type 5
[LOG] SystemI::createSoundInternal             : Sample 0/1: name='NewLandingAltered2', format=2, channels=2, frequency=48000, lengthbytes=10528, lengthpcm=42631, pcmblocksize=0, loopstart=0, loopend=0, mode=0x00000000, channelmask=0x00000000, channelorder=0, peakvolume=0.864502.
[LOG] SystemI::createSoundInternal             : Create name='', mode=0x02000202
[LOG] SystemI::createSoundInternal             : exinfo->cbsize             = 224
[LOG] SystemI::createSoundInternal             : exinfo->length             = 576352
[LOG] SystemI::createSoundInternal             : exinfo->fileoffset         = 14240
[LOG] SystemI::createSoundInternal             : exinfo->numsubsounds       = 1
[LOG] SystemI::createSoundInternal             : exinfo->inclusionlist      = 0000000064E5F5FC
[LOG] SystemI::createSoundInternal             : exinfo->inclusionlistnum   = 1
[LOG] SystemI::createSoundInternal             : exinfo->suggestedsoundtype = 5
[LOG] SystemI::createSoundInternal             : exinfo->useropen           = 00007FF80AA57F20
[LOG] SystemI::createSoundInternal             : exinfo->userclose          = 00007FF80AA57EF0
[LOG] SystemI::createSoundInternal             : exinfo->userread           = 00007FF80AA57FF0
[LOG] SystemI::createSoundInternal             : exinfo->userseek           = 00007FF80AA580B0
[LOG] SystemI::createSoundInternal             : exinfo->fileuserdata       = 000000007F0337A8
[LOG] SystemI::createSoundInternal             : exinfo->initialseekpostype = 1
[LOG] SystemI::DSPCodecPoolRegister            : register codec pool for pool type 5
[LOG] SystemI::createSoundInternal             : Sample 0/1: name='NewLandingAltered3', format=2, channels=2, frequency=48000, lengthbytes=11872, lengthpcm=47647, pcmblocksize=0, loopstart=0, loopend=0, mode=0x00000000, channelmask=0x00000000, channelorder=0, peakvolume=0.799347.
[LOG] SystemI::createSoundInternal             : Create name='', mode=0x02000202
[LOG] SystemI::createSoundInternal             : exinfo->cbsize             = 224
[LOG] SystemI::createSoundInternal             : exinfo->length             = 576352
[LOG] SystemI::createSoundInternal             : exinfo->fileoffset         = 14240
[LOG] SystemI::createSoundInternal             : exinfo->numsubsounds       = 1
[LOG] SystemI::createSoundInternal             : exinfo->inclusionlist      = 0000000064E5F5FC
[LOG] SystemI::createSoundInternal             : exinfo->inclusionlistnum   = 1
[LOG] SystemI::createSoundInternal             : exinfo->suggestedsoundtype = 5
[LOG] SystemI::createSoundInternal             : exinfo->useropen           = 00007FF80AA57F20
[LOG] SystemI::createSoundInternal             : exinfo->userclose          = 00007FF80AA57EF0
[LOG] SystemI::createSoundInternal             : exinfo->userread           = 00007FF80AA57FF0
[LOG] SystemI::createSoundInternal             : exinfo->userseek           = 00007FF80AA580B0
[LOG] SystemI::createSoundInternal             : exinfo->fileuserdata       = 000000007F0337A8
[LOG] SystemI::createSoundInternal             : exinfo->initialseekpostype = 1
[LOG] SystemI::DSPCodecPoolRegister            : register codec pool for pool type 5
[LOG] SystemI::createSoundInternal             : Sample 0/1: name='NewLandingAltered1', format=2, channels=2, frequency=48000, lengthbytes=9376, lengthpcm=38870, pcmblocksize=0, loopstart=0, loopend=0, mode=0x00000000, channelmask=0x00000000, channelorder=0, peakvolume=0.811279.
[LOG] SystemI::createSoundInternal             : Create name='', mode=0x02000202
[LOG] SystemI::createSoundInternal             : exinfo->cbsize             = 224
[LOG] SystemI::createSoundInternal             : exinfo->length             = 576352
[LOG] SystemI::createSoundInternal             : exinfo->fileoffset         = 14240
[LOG] SystemI::createSoundInternal             : exinfo->numsubsounds       = 1
[LOG] SystemI::createSoundInternal             : exinfo->inclusionlist      = 0000000064E5F5FC
[LOG] SystemI::createSoundInternal             : exinfo->inclusionlistnum   = 1
[LOG] SystemI::createSoundInternal             : exinfo->suggestedsoundtype = 5
[LOG] SystemI::createSoundInternal             : exinfo->useropen           = 00007FF80AA57F20
[LOG] SystemI::createSoundInternal             : exinfo->userclose          = 00007FF80AA57EF0
[LOG] SystemI::createSoundInternal             : exinfo->userread           = 00007FF80AA57FF0
[LOG] SystemI::createSoundInternal             : exinfo->userseek           = 00007FF80AA580B0
[LOG] SystemI::createSoundInternal             : exinfo->fileuserdata       = 000000006B14AE98
[LOG] SystemI::createSoundInternal             : exinfo->initialseekpostype = 1
[LOG] SystemI::DSPCodecPoolRegister            : register codec pool for pool type 5
[LOG] SystemI::createSoundInternal             : Sample 0/1: name='BoomValidation', format=2, channels=2, frequency=48000, lengthbytes=18848, lengthpcm=136013, pcmblocksize=0, loopstart=0, loopend=0, mode=0x00000000, channelmask=0x00000000, channelorder=0, peakvolume=0.326167.
[LOG] SystemI::createSoundInternal             : Create name='', mode=0x02000202
[LOG] SystemI::createSoundInternal             : exinfo->cbsize             = 224
[LOG] SystemI::createSoundInternal             : exinfo->length             = 576352
[LOG] SystemI::createSoundInternal             : exinfo->fileoffset         = 14240
[LOG] SystemI::createSoundInternal             : exinfo->numsubsounds       = 1
[LOG] SystemI::createSoundInternal             : exinfo->inclusionlist      = 0000000064E5F5FC
[LOG] SystemI::createSoundInternal             : exinfo->inclusionlistnum   = 1
[LOG] SystemI::createSoundInternal             : exinfo->suggestedsoundtype = 5
[LOG] SystemI::createSoundInternal             : exinfo->useropen           = 00007FF80AA57F20
[LOG] SystemI::createSoundInternal             : exinfo->userclose          = 00007FF80AA57EF0
[LOG] SystemI::createSoundInternal             : exinfo->userread           = 00007FF80AA57FF0
[LOG] SystemI::createSoundInternal             : exinfo->userseek           = 00007FF80AA580B0
[LOG] SystemI::createSoundInternal             : exinfo->fileuserdata       = 0000000093748368
[LOG] SystemI::createSoundInternal             : exinfo->initialseekpostype = 1
[LOG] SystemI::DSPCodecPoolRegister            : register codec pool for pool type 5
[LOG] SystemI::createSoundInternal             : Sample 0/1: name='NewWhooshTest1 ', format=2, channels=2, frequency=48000, lengthbytes=7456, lengthpcm=31346, pcmblocksize=0, loopstart=0, loopend=0, mode=0x00000000, channelmask=0x00000000, channelorder=0, peakvolume=0.792908.
[LOG] SystemI::createSoundInternal             : Create name='', mode=0x02000202
[LOG] SystemI::createSoundInternal             : exinfo->cbsize             = 224
[LOG] SystemI::createSoundInternal             : exinfo->length             = 576352
[LOG] SystemI::createSoundInternal             : exinfo->fileoffset         = 14240
[LOG] SystemI::createSoundInternal             : exinfo->numsubsounds       = 1
[LOG] SystemI::createSoundInternal             : exinfo->inclusionlist      = 0000000064E5F5FC
[LOG] SystemI::createSoundInternal             : exinfo->inclusionlistnum   = 1
[LOG] SystemI::createSoundInternal             : exinfo->suggestedsoundtype = 5
[LOG] SystemI::createSoundInternal             : exinfo->useropen           = 00007FF80AA57F20
[LOG] SystemI::createSoundInternal             : exinfo->userclose          = 00007FF80AA57EF0
[LOG] SystemI::createSoundInternal             : exinfo->userread           = 00007FF80AA57FF0
[LOG] SystemI::createSoundInternal             : exinfo->userseek           = 00007FF80AA580B0
[LOG] SystemI::createSoundInternal             : exinfo->fileuserdata       = 000000009374ACA8
[LOG] SystemI::createSoundInternal             : exinfo->initialseekpostype = 1
[LOG] SystemI::DSPCodecPoolRegister            : register codec pool for pool type 5
[LOG] SystemI::createSoundInternal             : Sample 0/1: name='PLASMA_CANNON_Deep_Noisy_Tail_stereo', format=2, channels=2, frequency=48000, lengthbytes=16096, lengthpcm=95941, pcmblocksize=0, loopstart=0, loopend=0, mode=0x00000000, channelmask=0x00000000, channelorder=0, peakvolume=0.990845.
[LOG] SoundI::release                          :  (000000000CED08D8)
[LOG] SoundI::release                          :     NewWhooshTest1  (0000000041050EC8)
[LOG] SoundI::release                          :  (000000000CED1738)
[LOG] SoundI::release                          :     PLASMA_CANNON_Deep_Noisy_Tail_stereo (0000000041051BC8)
[LOG] SoundI::release                          :  (0000000011B08538)
[LOG] SoundI::release                          :     AmbientLoop1 (000000005E4A7AE8)
[LOG] SoundI::release                          :  (0000000011B07848)
[LOG] SoundI::release                          :     AmbientLoop2Alt2 (000000005E4A4068)
[LOG] SoundI::release                          :  (000000005EF04EF8)
[LOG] SoundI::release                          :     NewJumpTest1 (0000000041051208)
[LOG] SoundI::release                          :  (000000005EF05348)
[LOG] SoundI::release                          :     BoomValidation (0000000041052C08)
[LOG] SoundI::release                          :  (000000005EF05908)
[LOG] SoundI::release                          :     NewLandingAltered1 (0000000041051548)
[LOG] SoundI::release                          :  (000000005EF044E8)
[LOG] SoundI::release                          :     NewLandingAltered2 (0000000041051888)
[LOG] SoundI::release                          :  (000000005EF05068)
[LOG] SoundI::release                          :     NewLandingAltered3 (0000000041052728)
[LOG] Thread::callback                         : FMOD Studio update thread finished.
[LOG] Thread::callback                         : FMOD Studio bank load thread finished.
[LOG] Profile::disconnectAll                   : Profiler disconnecting all clients
[LOG] Thread::callback                         : FMOD Studio sample load thread finished.
[LOG] LiveUpdate::release                      : 
[LOG] LiveUpdate::reset                        : Reset connection (reason Disconnected)
[LOG] Thread::callback                         : FMOD stream thread finished.
[LOG] Thread::callback                         : FMOD mixer thread finished.
[LOG] Profile::disconnectAll                   : Profiler disconnecting all clients
[LOG] SystemI::close                           : Closed.
